[ 2023-09-07 18:10:42,722 ] 157 numexpr.utils - INFO - NumExpr defaulting to 8 threads.
[ 2023-09-07 18:10:43,199 ] 187 werkzeug - WARNING -  * Debugger is active!
[ 2023-09-07 18:10:43,203 ] 187 werkzeug - INFO -  * Debugger PIN: 111-607-179
[ 2023-09-07 18:10:43,240 ] 187 werkzeug - INFO -  * Detected change in 'C:\\Users\\Shrian Singh\\anaconda3\\Lib\\site-packages\\sympy\\printing\\pretty\\pretty.py', reloading
[ 2023-09-07 18:10:43,271 ] 187 werkzeug - INFO -  * Detected change in 'C:\\Users\\Shrian Singh\\anaconda3\\Lib\\site-packages\\sympy\\printing\\latex.py', reloading
[ 2023-09-07 18:10:43,302 ] 187 werkzeug - INFO -  * Detected change in 'C:\\Users\\Shrian Singh\\anaconda3\\Lib\\site-packages\\sympy\\printing\\mathml.py', reloading
[ 2023-09-07 18:10:43,334 ] 187 werkzeug - INFO -  * Detected change in 'C:\\Users\\Shrian Singh\\anaconda3\\Lib\\site-packages\\sympy\\printing\\python.py', reloading
[ 2023-09-07 18:10:43,334 ] 187 werkzeug - INFO -  * Detected change in 'C:\\Users\\Shrian Singh\\anaconda3\\Lib\\site-packages\\sympy\\printing\\pycode.py', reloading
[ 2023-09-07 18:10:43,349 ] 187 werkzeug - INFO -  * Detected change in 'C:\\Users\\Shrian Singh\\anaconda3\\Lib\\site-packages\\sympy\\printing\\codeprinter.py', reloading
[ 2023-09-07 18:10:43,381 ] 187 werkzeug - INFO -  * Detected change in 'C:\\Users\\Shrian Singh\\anaconda3\\Lib\\site-packages\\sympy\\printing\\glsl.py', reloading
[ 2023-09-07 18:10:43,399 ] 187 werkzeug - INFO -  * Detected change in 'C:\\Users\\Shrian Singh\\anaconda3\\Lib\\site-packages\\sympy\\printing\\rcode.py', reloading
[ 2023-09-07 18:10:43,418 ] 187 werkzeug - INFO -  * Detected change in 'C:\\Users\\Shrian Singh\\anaconda3\\Lib\\site-packages\\sympy\\printing\\jscode.py', reloading
[ 2023-09-07 18:10:43,431 ] 187 werkzeug - INFO -  * Detected change in 'C:\\Users\\Shrian Singh\\anaconda3\\Lib\\site-packages\\sympy\\printing\\julia.py', reloading
[ 2023-09-07 18:10:43,442 ] 187 werkzeug - INFO -  * Detected change in 'C:\\Users\\Shrian Singh\\anaconda3\\Lib\\site-packages\\sympy\\printing\\mathematica.py', reloading
[ 2023-09-07 18:10:43,457 ] 187 werkzeug - INFO -  * Detected change in 'C:\\Users\\Shrian Singh\\anaconda3\\Lib\\site-packages\\sympy\\printing\\octave.py', reloading
[ 2023-09-07 18:10:43,473 ] 187 werkzeug - INFO -  * Detected change in 'C:\\Users\\Shrian Singh\\anaconda3\\Lib\\site-packages\\sympy\\printing\\rust.py', reloading
[ 2023-09-07 18:10:43,493 ] 187 werkzeug - INFO -  * Detected change in 'C:\\Users\\Shrian Singh\\anaconda3\\Lib\\site-packages\\sympy\\printing\\gtk.py', reloading
[ 2023-09-07 18:10:43,511 ] 187 werkzeug - INFO -  * Detected change in 'C:\\Users\\Shrian Singh\\anaconda3\\Lib\\site-packages\\sympy\\printing\\preview.py', reloading
[ 2023-09-07 18:10:43,525 ] 187 werkzeug - INFO -  * Detected change in 'C:\\Users\\Shrian Singh\\anaconda3\\Lib\\site-packages\\sympy\\printing\\repr.py', reloading
[ 2023-09-07 18:10:43,539 ] 187 werkzeug - INFO -  * Detected change in 'C:\\Users\\Shrian Singh\\anaconda3\\Lib\\site-packages\\sympy\\printing\\tree.py', reloading
[ 2023-09-07 18:10:43,553 ] 187 werkzeug - INFO -  * Detected change in 'C:\\Users\\Shrian Singh\\anaconda3\\Lib\\site-packages\\sympy\\printing\\str.py', reloading
[ 2023-09-07 18:10:43,570 ] 187 werkzeug - INFO -  * Detected change in 'C:\\Users\\Shrian Singh\\anaconda3\\Lib\\site-packages\\sympy\\printing\\tableform.py', reloading
[ 2023-09-07 18:10:43,586 ] 187 werkzeug - INFO -  * Detected change in 'C:\\Users\\Shrian Singh\\anaconda3\\Lib\\site-packages\\sympy\\printing\\dot.py', reloading
[ 2023-09-07 18:10:43,600 ] 187 werkzeug - INFO -  * Detected change in 'C:\\Users\\Shrian Singh\\anaconda3\\Lib\\site-packages\\sympy\\printing\\maple.py', reloading
[ 2023-09-07 18:10:43,614 ] 187 werkzeug - INFO -  * Detected change in 'C:\\Users\\Shrian Singh\\anaconda3\\Lib\\site-packages\\sympy\\testing\\__init__.py', reloading
[ 2023-09-07 18:10:43,635 ] 187 werkzeug - INFO -  * Detected change in 'C:\\Users\\Shrian Singh\\anaconda3\\Lib\\site-packages\\sympy\\testing\\runtests.py', reloading
[ 2023-09-07 18:10:43,659 ] 187 werkzeug - INFO -  * Detected change in 'C:\\Users\\Shrian Singh\\anaconda3\\Lib\\site-packages\\sympy\\plotting\\__init__.py', reloading
[ 2023-09-07 18:10:43,673 ] 187 werkzeug - INFO -  * Detected change in 'C:\\Users\\Shrian Singh\\anaconda3\\Lib\\site-packages\\sympy\\plotting\\plot.py', reloading
[ 2023-09-07 18:10:43,698 ] 187 werkzeug - INFO -  * Detected change in 'C:\\Users\\Shrian Singh\\anaconda3\\Lib\\site-packages\\sympy\\plotting\\textplot.py', reloading
[ 2023-09-07 18:10:43,711 ] 187 werkzeug - INFO -  * Detected change in 'C:\\Users\\Shrian Singh\\anaconda3\\Lib\\site-packages\\sympy\\plotting\\plot_implicit.py', reloading
[ 2023-09-07 18:10:43,724 ] 187 werkzeug - INFO -  * Detected change in 'C:\\Users\\Shrian Singh\\anaconda3\\Lib\\site-packages\\sympy\\interactive\\__init__.py', reloading
[ 2023-09-07 18:10:43,736 ] 187 werkzeug - INFO -  * Detected change in 'C:\\Users\\Shrian Singh\\anaconda3\\Lib\\site-packages\\sympy\\interactive\\session.py', reloading
[ 2023-09-07 18:10:43,751 ] 187 werkzeug - INFO -  * Detected change in 'C:\\Users\\Shrian Singh\\anaconda3\\Lib\\site-packages\\sympy\\interactive\\printing.py', reloading
[ 2023-09-07 18:10:43,766 ] 187 werkzeug - INFO -  * Detected change in 'C:\\Users\\Shrian Singh\\anaconda3\\Lib\\site-packages\\tables\\__init__.py', reloading
[ 2023-09-07 18:10:43,798 ] 187 werkzeug - INFO -  * Detected change in 'C:\\Users\\Shrian Singh\\anaconda3\\Lib\\site-packages\\tables\\atom.py', reloading
[ 2023-09-07 18:10:43,819 ] 187 werkzeug - INFO -  * Detected change in 'C:\\Users\\Shrian Singh\\anaconda3\\Lib\\site-packages\\tables\\description.py', reloading
[ 2023-09-07 18:10:43,843 ] 187 werkzeug - INFO -  * Detected change in 'C:\\Users\\Shrian Singh\\anaconda3\\Lib\\site-packages\\tables\\exceptions.py', reloading
[ 2023-09-07 18:10:43,859 ] 187 werkzeug - INFO -  * Detected change in 'C:\\Users\\Shrian Singh\\anaconda3\\Lib\\site-packages\\tables\\misc\\enum.py', reloading
[ 2023-09-07 18:10:43,878 ] 187 werkzeug - INFO -  * Detected change in 'C:\\Users\\Shrian Singh\\anaconda3\\Lib\\site-packages\\tables\\flavor.py', reloading
[ 2023-09-07 18:10:43,892 ] 187 werkzeug - INFO -  * Detected change in 'C:\\Users\\Shrian Singh\\anaconda3\\Lib\\site-packages\\tables\\filters.py', reloading
[ 2023-09-07 18:10:43,922 ] 187 werkzeug - INFO -  * Detected change in 'C:\\Users\\Shrian Singh\\anaconda3\\Lib\\site-packages\\tables\\file.py', reloading
[ 2023-09-07 18:10:43,955 ] 187 werkzeug - INFO -  * Detected change in 'C:\\Users\\Shrian Singh\\anaconda3\\Lib\\site-packages\\tables\\node.py', reloading
[ 2023-09-07 18:10:43,976 ] 187 werkzeug - INFO -  * Detected change in 'C:\\Users\\Shrian Singh\\anaconda3\\Lib\\site-packages\\tables\\group.py', reloading
[ 2023-09-07 18:10:44,005 ] 187 werkzeug - INFO -  * Detected change in 'C:\\Users\\Shrian Singh\\anaconda3\\Lib\\site-packages\\tables\\leaf.py', reloading
[ 2023-09-07 18:10:44,031 ] 187 werkzeug - INFO -  * Detected change in 'C:\\Users\\Shrian Singh\\anaconda3\\Lib\\site-packages\\tables\\table.py', reloading
[ 2023-09-07 18:10:44,064 ] 187 werkzeug - INFO -  * Detected change in 'C:\\Users\\Shrian Singh\\anaconda3\\Lib\\site-packages\\tables\\array.py', reloading
[ 2023-09-07 18:10:44,086 ] 187 werkzeug - INFO -  * Detected change in 'C:\\Users\\Shrian Singh\\anaconda3\\Lib\\site-packages\\tables\\carray.py', reloading
[ 2023-09-07 18:10:44,099 ] 187 werkzeug - INFO -  * Detected change in 'C:\\Users\\Shrian Singh\\anaconda3\\Lib\\site-packages\\tables\\earray.py', reloading
[ 2023-09-07 18:10:44,115 ] 187 werkzeug - INFO -  * Detected change in 'C:\\Users\\Shrian Singh\\anaconda3\\Lib\\site-packages\\tables\\vlarray.py', reloading
[ 2023-09-07 18:10:44,135 ] 187 werkzeug - INFO -  * Detected change in 'C:\\Users\\Shrian Singh\\anaconda3\\Lib\\site-packages\\tables\\unimplemented.py', reloading
[ 2023-09-07 18:10:44,155 ] 187 werkzeug - INFO -  * Detected change in 'C:\\Users\\Shrian Singh\\anaconda3\\Lib\\site-packages\\tables\\expression.py', reloading
[ 2023-09-07 18:10:44,166 ] 187 werkzeug - INFO -  * Detected change in 'C:\\Users\\Shrian Singh\\anaconda3\\Lib\\site-packages\\tables\\tests\\__init__.py', reloading
[ 2023-09-07 18:10:44,183 ] 187 werkzeug - INFO -  * Detected change in 'C:\\Users\\Shrian Singh\\anaconda3\\Lib\\site-packages\\tables\\tests\\common.py', reloading
[ 2023-09-07 18:10:44,205 ] 187 werkzeug - INFO -  * Detected change in 'C:\\Users\\Shrian Singh\\anaconda3\\Lib\\site-packages\\tables\\tests\\test_suite.py', reloading
[ 2023-09-07 18:10:44,215 ] 187 werkzeug - INFO -  * Detected change in 'C:\\Users\\Shrian Singh\\anaconda3\\Lib\\site-packages\\tangled_up_in_unicode\\__init__.py', reloading
[ 2023-09-07 18:10:44,232 ] 187 werkzeug - INFO -  * Detected change in 'C:\\Users\\Shrian Singh\\anaconda3\\Lib\\site-packages\\tangled_up_in_unicode\\tangled_up_in_unicode_14_0_0.py', reloading
