[ 2023-09-07 18:10:47,202 ] 157 numexpr.utils - INFO - NumExpr defaulting to 8 threads.
[ 2023-09-07 18:10:47,772 ] 187 werkzeug - WARNING -  * Debugger is active!
[ 2023-09-07 18:10:47,788 ] 187 werkzeug - INFO -  * Debugger PIN: 111-607-179
[ 2023-09-07 18:10:47,833 ] 187 werkzeug - INFO -  * Detected change in 'C:\\Users\\Shrian Singh\\anaconda3\\Lib\\site-packages\\xarray\\coding\\frequencies.py', reloading
[ 2023-09-07 18:10:47,847 ] 187 werkzeug - INFO -  * Detected change in 'C:\\Users\\Shrian Singh\\anaconda3\\Lib\\site-packages\\xarray\\conventions.py', reloading
[ 2023-09-07 18:10:47,864 ] 187 werkzeug - INFO -  * Detected change in 'C:\\Users\\Shrian Singh\\anaconda3\\Lib\\site-packages\\xarray\\coding\\variables.py', reloading
[ 2023-09-07 18:10:47,880 ] 187 werkzeug - INFO -  * Detected change in 'C:\\Users\\Shrian Singh\\anaconda3\\Lib\\site-packages\\xarray\\core\\alignment.py', reloading
[ 2023-09-07 18:10:47,900 ] 187 werkzeug - INFO -  * Detected change in 'C:\\Users\\Shrian Singh\\anaconda3\\Lib\\site-packages\\xarray\\core\\combine.py', reloading
[ 2023-09-07 18:10:47,919 ] 187 werkzeug - INFO -  * Detected change in 'C:\\Users\\Shrian Singh\\anaconda3\\Lib\\site-packages\\xarray\\core\\common.py', reloading
[ 2023-09-07 18:10:47,940 ] 187 werkzeug - INFO -  * Detected change in 'C:\\Users\\Shrian Singh\\anaconda3\\Lib\\site-packages\\xarray\\core\\computation.py', reloading
[ 2023-09-07 18:10:47,963 ] 187 werkzeug - INFO -  * Detected change in 'C:\\Users\\Shrian Singh\\anaconda3\\Lib\\site-packages\\xarray\\core\\concat.py', reloading
[ 2023-09-07 18:10:47,990 ] 187 werkzeug - INFO -  * Detected change in 'C:\\Users\\Shrian Singh\\anaconda3\\Lib\\site-packages\\xarray\\core\\dataarray.py', reloading
[ 2023-09-07 18:10:48,062 ] 187 werkzeug - INFO -  * Detected change in 'C:\\Users\\Shrian Singh\\anaconda3\\Lib\\site-packages\\xarray\\core\\dataset.py', reloading
[ 2023-09-07 18:10:48,303 ] 187 werkzeug - INFO -  * Detected change in 'C:\\Users\\Shrian Singh\\anaconda3\\Lib\\site-packages\\xarray\\core\\extensions.py', reloading
[ 2023-09-07 18:10:48,325 ] 187 werkzeug - INFO -  * Detected change in 'C:\\Users\\Shrian Singh\\anaconda3\\Lib\\site-packages\\xarray\\core\\merge.py', reloading
[ 2023-09-07 18:10:48,356 ] 187 werkzeug - INFO -  * Detected change in 'C:\\Users\\Shrian Singh\\anaconda3\\Lib\\site-packages\\xarray\\core\\options.py', reloading
[ 2023-09-07 18:10:48,409 ] 187 werkzeug - INFO -  * Detected change in 'C:\\Users\\Shrian Singh\\anaconda3\\Lib\\site-packages\\xarray\\core\\parallel.py', reloading
[ 2023-09-07 18:10:48,447 ] 187 werkzeug - INFO -  * Detected change in 'C:\\Users\\Shrian Singh\\anaconda3\\Lib\\site-packages\\xarray\\core\\variable.py', reloading
[ 2023-09-07 18:10:48,500 ] 187 werkzeug - INFO -  * Detected change in 'C:\\Users\\Shrian Singh\\anaconda3\\Lib\\site-packages\\xarray\\util\\print_versions.py', reloading
[ 2023-09-07 18:10:48,564 ] 187 werkzeug - INFO -  * Detected change in 'C:\\Users\\Shrian Singh\\anaconda3\\Lib\\site-packages\\xgboost\\training.py', reloading
[ 2023-09-07 18:10:48,596 ] 187 werkzeug - INFO -  * Detected change in 'C:\\Users\\Shrian Singh\\anaconda3\\Lib\\site-packages\\xgboost\\tracker.py', reloading
[ 2023-09-07 18:10:48,646 ] 187 werkzeug - INFO -  * Detected change in 'C:\\Users\\Shrian Singh\\anaconda3\\Lib\\site-packages\\xgboost\\plotting.py', reloading
[ 2023-09-07 18:10:48,671 ] 187 werkzeug - INFO -  * Detected change in 'C:\\Users\\Shrian Singh\\anaconda3\\Lib\\site-packages\\xgboost\\config.py', reloading
[ 2023-09-07 18:10:48,690 ] 187 werkzeug - INFO -  * Detected change in 'C:\\Users\\Shrian Singh\\anaconda3\\Lib\\site-packages\\xlrd\\__init__.py', reloading
[ 2023-09-07 18:10:48,737 ] 187 werkzeug - INFO -  * Detected change in 'C:\\Users\\Shrian Singh\\anaconda3\\Lib\\site-packages\\xlrd\\formula.py', reloading
[ 2023-09-07 18:10:48,769 ] 187 werkzeug - INFO -  * Detected change in 'C:\\Users\\Shrian Singh\\anaconda3\\Lib\\site-packages\\xlrd\\timemachine.py', reloading
[ 2023-09-07 18:10:48,784 ] 187 werkzeug - INFO -  * Detected change in 'C:\\Users\\Shrian Singh\\anaconda3\\Lib\\site-packages\\xlsxwriter\\__init__.py', reloading
[ 2023-09-07 18:10:48,800 ] 187 werkzeug - INFO -  * Detected change in 'C:\\Users\\Shrian Singh\\anaconda3\\Lib\\site-packages\\xlwings\\__init__.py', reloading
[ 2023-09-07 18:10:48,815 ] 187 werkzeug - INFO -  * Detected change in 'C:\\Users\\Shrian Singh\\anaconda3\\Lib\\site-packages\\xlwt\\__init__.py', reloading
